2023-07-30 18:38:20,773 INFO  - Reading 'C:\Users\giann\Documents\Progetti\KITE\KITE-Telemed-Test\.\configs\telemed.config.json' ...
 2023-07-30 18:38:21,050 INFO  - new RoomManager(2 max per room) for https://falgsc.eu.org/
 2023-07-30 18:38:21,051 INFO  - Please make sure that you have enough room for all users.
 2023-07-30 18:38:21,051 INFO  - getRoomUrl(random) function, with random value = true/false, will give you the base url with or without a randomized ID.
 2023-07-30 18:38:21,052 INFO  - Finished reading the configuration file
 2023-07-30 18:38:21,053 INFO  - Creating report folder if not exist at :C:\Users\giann\Documents\Progetti\KITE\KITE-Telemed-Test/kite-allure-reports/
 2023-07-30 18:38:21,060 INFO  - Running {"type":"interop","name":"Telemed Test %ts","testImpl":"org.webrtc.kite.telemed.KiteTelemedTest","description":"Telemed test description","tupleSize":2,"noOfThreads":1,"maxRetryCount":0,"delayForClosing":0,"permute":true} ...
 2023-07-30 18:38:21,067 INFO  - Executing {"type":"interop","name":"Telemed Test %ts","testImpl":"org.webrtc.kite.telemed.KiteTelemedTest","description":"Telemed test description","tupleSize":2,"noOfThreads":1,"maxRetryCount":0,"delayForClosing":0,"permute":true} for 1 browser tuples with size :2
 2023-07-30 18:38:21,074 INFO  - current phase in test manager has been set to DEFAULT
 2023-07-30 18:38:21,082 INFO  - 
           |--------------------------------------------------
           | Number of registered tests: 0
           | Elapsed time: 0m0s (avg:0m0s)
           | Running test case with ID: 0/1
           | ETA (for Telemed Test %ts): Estimating..
           |--------------------------------------------------
 2023-07-30 18:38:21,083 INFO  - execute(DEFAULT) for the test case: WIN_ch-WIN_ch (2023-07-30-183821)
 2023-07-30 18:38:21,086 INFO  - Not load test, init report for test
 2023-07-30 18:38:21,088 INFO  - Finished filling out initial report for phase 
 2023-07-30 18:38:21,089 INFO  - payload handling
 2023-07-30 18:38:21,090 INFO  - the payload is {"url":"https://falgsc.eu.org/","usersPerRoom":2,"getStats":{"enabled":true,"statsCollectionTime":2,"statsCollectionInterval":1,"peerConnections":["ng.getComponent($('app-videocall-pj')[0]).peer"],"selectedStats":["inbound-rtp","outbound-rtp","local-candidate","remote-candidate","candidate-pair","stream","peer-connection","codec","track","transport"]}}
 2023-07-30 18:38:21,094 INFO  - Creating runners
 2023-07-30 18:38:21,097 INFO  - Start creating the TestRunner id 0 in 0ms
 2023-07-30 18:38:21,097 INFO  - Start creating the TestRunner id 1 in 0ms
 2023-07-30 18:38:21,124 INFO  - unknown(no Web Driver): Creating web driver for {"app":false,"kind":"browser","logger":{"name":"org.webrtc.kite.config.client.Client","debugEnabled":true},"count":5,"clientIndex":0,"fullReset":false,"jsonConfig":{"browserName":{},"platform":{}},"capability":{"headless":false,"windowSize":"1920,1200","technologyPreview":false,"useFakeMedia":true,"flags":[],"maxInstances":5,"extraCapabilities":{},"gateway":"none"},"paas":{"specList":[],"networkProfile":{"delay":0,"corrupt":0,"cleanUpCommand":"","bandwidth":0,"packetloss":0,"name":"NONE","id":"","duplicate":0,"command":""},"availableSlots":3,"type":"local","region":"NC","url":"http://localhost:4444/wd/hub"},"name":"1","networkProfile":{"delay":0,"corrupt":0,"cleanUpCommand":"","bandwidth":0,"packetloss":0,"name":"","id":"","duplicate":0,"command":""},"exclude":false,"browserSpecs":{"extension":"","profile":"","driverString":"-Dwebdriver.chrome.driver=./chromedriver","browserName":"chrome","deviceName":"unknown","platform":"WINDOWS"},"region":"NC"}
 2023-07-30 18:38:21,124 INFO  - unknown(no Web Driver): Creating web driver for {"app":false,"kind":"browser","logger":{"name":"org.webrtc.kite.config.client.Client","debugEnabled":true},"count":5,"clientIndex":0,"fullReset":false,"jsonConfig":{"browserName":{},"platform":{}},"capability":{"headless":false,"windowSize":"1920,1200","technologyPreview":false,"useFakeMedia":true,"flags":[],"maxInstances":5,"extraCapabilities":{},"gateway":"none"},"paas":{"specList":[],"networkProfile":{"delay":0,"corrupt":0,"cleanUpCommand":"","bandwidth":0,"packetloss":0,"name":"NONE","id":"","duplicate":0,"command":""},"availableSlots":3,"type":"local","region":"NC","url":"http://localhost:4444/wd/hub"},"name":"0","networkProfile":{"delay":0,"corrupt":0,"cleanUpCommand":"","bandwidth":0,"packetloss":0,"name":"","id":"","duplicate":0,"command":""},"exclude":false,"browserSpecs":{"extension":"","profile":"","driverString":"-Dwebdriver.chrome.driver=./chromedriver","browserName":"chrome","deviceName":"unknown","platform":"WINDOWS"},"region":"NC"}
 2023-07-30 18:38:23,993 INFO  - unknown(no Web Driver):  [PASSED] Initiate webDriver for client
 2023-07-30 18:38:23,993 INFO  - unknown(no Web Driver):  [PASSED] Initiate webDriver for client
 2023-07-30 18:38:24,016 INFO  - Starting the execution of the test runners in parallel 
 2023-07-30 18:38:24,017 INFO  - Start processing the TestRunner(DEFAULT) id 0 in 0ms
 2023-07-30 18:38:24,017 INFO  - Start processing the TestRunner(DEFAULT) id 1 in 0ms
 2023-07-30 18:38:25,182 INFO  - ch115_WIN-0b535 - 1:  [PASSED] Open https://falgsc.eu.org/
 2023-07-30 18:38:25,933 INFO  - ch115_WIN-0b535 - 1:  [PASSED] Open https://falgsc.eu.org//#/pocPJ/166
 2023-07-30 18:38:27,476 INFO  - ch115_WIN-3a797 - 0:  [PASSED] Open https://falgsc.eu.org/
 2023-07-30 18:38:28,379 INFO  - ch115_WIN-3a797 - 0:  [PASSED] Open https://falgsc.eu.org//#/pocPJ/166
 2023-07-30 18:38:31,391 INFO  - ch115_WIN-0b535 - 1:  [PASSED] Getting stats from ["ng.getComponent($('app-videocall-pj')[0]).peer"]
 2023-07-30 18:38:33,763 INFO  - ch115_WIN-3a797 - 0:  [PASSED] Getting stats from ["ng.getComponent($('app-videocall-pj')[0]).peer"]
 2023-07-30 18:38:33,763 INFO  - execute(DEFAULT) completed.
 2023-07-30 18:38:33,764 INFO  - Terminating, quiting webdriver
 2023-07-30 18:38:33,764 INFO  - Closing down webDrivers
 2023-07-30 18:38:34,530 INFO  - Test PASSED
 2023-07-30 18:38:34,531 INFO  - Matrix runner at last phase, ending. 
 2023-07-30 18:38:34,549 WARN  - Done! All test cases have passed!
 2023-07-30 18:38:34,550 INFO  - shutdownExecutors() done.
 2023-07-30 18:56:54,186 INFO  - Reading 'C:\Users\giann\Documents\Progetti\KITE\KITE-Telemed-Test\.\configs\telemed.config.json' ...
 2023-07-30 18:56:54,511 INFO  - new RoomManager(2 max per room) for https://falgsc.eu.org/
 2023-07-30 18:56:54,511 INFO  - Please make sure that you have enough room for all users.
 2023-07-30 18:56:54,511 INFO  - getRoomUrl(random) function, with random value = true/false, will give you the base url with or without a randomized ID.
 2023-07-30 18:56:54,511 INFO  - Finished reading the configuration file
 2023-07-30 18:56:54,516 INFO  - Creating report folder if not exist at :C:\Users\giann\Documents\Progetti\KITE\KITE-Telemed-Test/kite-allure-reports/
 2023-07-30 18:56:54,520 INFO  - Running {"type":"interop","name":"Telemed Test %ts","testImpl":"org.webrtc.kite.telemed.KiteTelemedTest","description":"Telemed test description","tupleSize":2,"noOfThreads":1,"maxRetryCount":0,"delayForClosing":0,"permute":true} ...
 2023-07-30 18:56:54,525 INFO  - Executing {"type":"interop","name":"Telemed Test %ts","testImpl":"org.webrtc.kite.telemed.KiteTelemedTest","description":"Telemed test description","tupleSize":2,"noOfThreads":1,"maxRetryCount":0,"delayForClosing":0,"permute":true} for 1 browser tuples with size :2
 2023-07-30 18:56:54,537 INFO  - current phase in test manager has been set to DEFAULT
 2023-07-30 18:56:54,541 INFO  - 
           |--------------------------------------------------
           | Number of registered tests: 0
           | Elapsed time: 0m0s (avg:0m0s)
           | Running test case with ID: 0/1
           | ETA (for Telemed Test %ts): Estimating..
           |--------------------------------------------------
 2023-07-30 18:56:54,541 INFO  - execute(DEFAULT) for the test case: WIN_ch-WIN_ch (2023-07-30-185654)
 2023-07-30 18:56:54,541 INFO  - Not load test, init report for test
 2023-07-30 18:56:54,552 INFO  - Finished filling out initial report for phase 
 2023-07-30 18:56:54,552 INFO  - payload handling
 2023-07-30 18:56:54,554 INFO  - the payload is {"url":"https://falgsc.eu.org/","usersPerRoom":2,"getStats":{"enabled":true,"statsCollectionTime":2,"statsCollectionInterval":1,"peerConnections":["ng.getComponent($('app-videocall-pj')[0]).mediaConnection.peerConnection"],"selectedStats":["inbound-rtp","outbound-rtp","local-candidate","remote-candidate","candidate-pair","stream","peer-connection","codec","track","transport"]}}
 2023-07-30 18:56:54,557 INFO  - Creating runners
 2023-07-30 18:56:54,557 INFO  - Start creating the TestRunner id 0 in 0ms
 2023-07-30 18:56:54,557 INFO  - Start creating the TestRunner id 1 in 0ms
 2023-07-30 18:56:54,579 INFO  - unknown(no Web Driver): Creating web driver for {"app":false,"kind":"browser","logger":{"name":"org.webrtc.kite.config.client.Client","debugEnabled":true},"count":5,"clientIndex":0,"fullReset":false,"jsonConfig":{"browserName":{},"platform":{}},"capability":{"headless":false,"windowSize":"1920,1200","technologyPreview":false,"useFakeMedia":true,"flags":[],"maxInstances":5,"extraCapabilities":{},"gateway":"none"},"paas":{"specList":[],"networkProfile":{"corrupt":0,"delay":0,"cleanUpCommand":"","bandwidth":0,"packetloss":0,"name":"NONE","duplicate":0,"id":"","command":""},"availableSlots":3,"type":"local","region":"NC","url":"http://localhost:4444/wd/hub"},"name":"0","networkProfile":{"corrupt":0,"delay":0,"cleanUpCommand":"","bandwidth":0,"packetloss":0,"name":"","duplicate":0,"id":"","command":""},"exclude":false,"browserSpecs":{"extension":"","driverString":"-Dwebdriver.chrome.driver=./chromedriver","profile":"","browserName":"chrome","deviceName":"unknown","platform":"WINDOWS"},"region":"NC"}
 2023-07-30 18:56:54,579 INFO  - unknown(no Web Driver): Creating web driver for {"app":false,"kind":"browser","logger":{"name":"org.webrtc.kite.config.client.Client","debugEnabled":true},"count":5,"clientIndex":0,"fullReset":false,"jsonConfig":{"browserName":{},"platform":{}},"capability":{"headless":false,"windowSize":"1920,1200","technologyPreview":false,"useFakeMedia":true,"flags":[],"maxInstances":5,"extraCapabilities":{},"gateway":"none"},"paas":{"specList":[],"networkProfile":{"corrupt":0,"delay":0,"cleanUpCommand":"","bandwidth":0,"packetloss":0,"name":"NONE","duplicate":0,"id":"","command":""},"availableSlots":3,"type":"local","region":"NC","url":"http://localhost:4444/wd/hub"},"name":"1","networkProfile":{"corrupt":0,"delay":0,"cleanUpCommand":"","bandwidth":0,"packetloss":0,"name":"","duplicate":0,"id":"","command":""},"exclude":false,"browserSpecs":{"extension":"","driverString":"-Dwebdriver.chrome.driver=./chromedriver","profile":"","browserName":"chrome","deviceName":"unknown","platform":"WINDOWS"},"region":"NC"}
 2023-07-30 18:56:58,078 INFO  - unknown(no Web Driver):  [PASSED] Initiate webDriver for client
 2023-07-30 18:56:58,078 INFO  - unknown(no Web Driver):  [PASSED] Initiate webDriver for client
 2023-07-30 18:56:58,110 INFO  - Starting the execution of the test runners in parallel 
 2023-07-30 18:56:58,112 INFO  - Start processing the TestRunner(DEFAULT) id 1 in 0ms
 2023-07-30 18:56:58,112 INFO  - Start processing the TestRunner(DEFAULT) id 0 in 0ms
 2023-07-30 18:56:59,590 INFO  - ch115_WIN-524a1 - 1:  [PASSED] Open https://falgsc.eu.org/
 2023-07-30 18:56:59,592 INFO  - ch115_WIN-1fe38 - 0:  [PASSED] Open https://falgsc.eu.org/
 2023-07-30 18:57:00,908 INFO  - ch115_WIN-524a1 - 1:  [PASSED] Open https://falgsc.eu.org//#/pocPJ/166
 2023-07-30 18:57:03,072 INFO  - ch115_WIN-1fe38 - 0:  [PASSED] Open https://falgsc.eu.org//#/pocPJ/166
 2023-07-30 18:57:06,465 INFO  - ch115_WIN-524a1 - 1:  [PASSED] Getting stats from ["ng.getComponent($('app-videocall-pj')[0]).mediaConnection.peerConnection"]
 2023-07-30 18:57:08,486 INFO  - ch115_WIN-1fe38 - 0:  [PASSED] Getting stats from ["ng.getComponent($('app-videocall-pj')[0]).mediaConnection.peerConnection"]
 2023-07-30 18:57:08,486 INFO  - execute(DEFAULT) completed.
 2023-07-30 18:57:08,487 INFO  - Terminating, quiting webdriver
 2023-07-30 18:57:08,488 INFO  - Closing down webDrivers
 2023-07-30 18:57:10,786 INFO  - Test PASSED
 2023-07-30 18:57:10,788 INFO  - Matrix runner at last phase, ending. 
 2023-07-30 18:57:10,812 WARN  - Done! All test cases have passed!
 2023-07-30 18:57:10,813 INFO  - shutdownExecutors() done.
 2023-07-30 19:00:46,313 INFO  - Reading 'C:\Users\giann\Documents\Progetti\KITE\KITE-Telemed-Test\.\configs\telemed.config.json' ...
 2023-07-30 19:00:46,626 INFO  - new RoomManager(2 max per room) for https://falgsc.eu.org/
 2023-07-30 19:00:46,626 INFO  - Please make sure that you have enough room for all users.
 2023-07-30 19:00:46,627 INFO  - getRoomUrl(random) function, with random value = true/false, will give you the base url with or without a randomized ID.
 2023-07-30 19:00:46,627 INFO  - Finished reading the configuration file
 2023-07-30 19:00:46,628 INFO  - Creating report folder if not exist at :C:\Users\giann\Documents\Progetti\KITE\KITE-Telemed-Test/kite-allure-reports/
 2023-07-30 19:00:46,656 INFO  - Running {"type":"interop","name":"Telemed Test %ts","testImpl":"org.webrtc.kite.telemed.KiteTelemedTest","description":"Telemed test description","tupleSize":2,"noOfThreads":1,"maxRetryCount":0,"delayForClosing":0,"permute":true} ...
 2023-07-30 19:00:46,661 INFO  - Executing {"type":"interop","name":"Telemed Test %ts","testImpl":"org.webrtc.kite.telemed.KiteTelemedTest","description":"Telemed test description","tupleSize":2,"noOfThreads":1,"maxRetryCount":0,"delayForClosing":0,"permute":true} for 1 browser tuples with size :2
 2023-07-30 19:00:46,666 INFO  - current phase in test manager has been set to DEFAULT
 2023-07-30 19:00:46,675 INFO  - 
           |--------------------------------------------------
           | Number of registered tests: 0
           | Elapsed time: 0m0s (avg:0m0s)
           | Running test case with ID: 0/1
           | ETA (for Telemed Test %ts): Estimating..
           |--------------------------------------------------
 2023-07-30 19:00:46,678 INFO  - execute(DEFAULT) for the test case: WIN_ch-WIN_ch (2023-07-30-190046)
 2023-07-30 19:00:46,680 INFO  - Not load test, init report for test
 2023-07-30 19:00:46,682 INFO  - Finished filling out initial report for phase 
 2023-07-30 19:00:46,682 INFO  - payload handling
 2023-07-30 19:00:46,683 INFO  - the payload is {"url":"https://falgsc.eu.org/","usersPerRoom":2,"getStats":{"enabled":true,"statsCollectionTime":2,"statsCollectionInterval":1,"peerConnections":["ng.getComponent($('app-videocall-pj')[0]).mediaConnection.peerConnection"],"selectedStats":["inbound-rtp","outbound-rtp","local-candidate","remote-candidate","candidate-pair","stream","peer-connection","codec","track","transport"]}}
 2023-07-30 19:00:46,688 INFO  - Creating runners
 2023-07-30 19:00:46,690 INFO  - Start creating the TestRunner id 1 in 0ms
 2023-07-30 19:00:46,690 INFO  - Start creating the TestRunner id 0 in 0ms
 2023-07-30 19:00:46,709 INFO  - unknown(no Web Driver): Creating web driver for {"app":false,"kind":"browser","logger":{"name":"org.webrtc.kite.config.client.Client","debugEnabled":true},"count":5,"clientIndex":0,"fullReset":false,"jsonConfig":{"browserName":{},"platform":{}},"capability":{"headless":false,"windowSize":"1920,1200","technologyPreview":false,"useFakeMedia":true,"flags":[],"extraCapabilities":{},"maxInstances":5,"gateway":"none"},"paas":{"specList":[],"networkProfile":{"corrupt":0,"delay":0,"cleanUpCommand":"","bandwidth":0,"packetloss":0,"name":"NONE","id":"","duplicate":0,"command":""},"availableSlots":3,"type":"local","region":"NC","url":"http://localhost:4444/wd/hub"},"name":"0","networkProfile":{"corrupt":0,"delay":0,"cleanUpCommand":"","bandwidth":0,"packetloss":0,"name":"","id":"","duplicate":0,"command":""},"exclude":false,"browserSpecs":{"extension":"","profile":"","driverString":"-Dwebdriver.chrome.driver=./chromedriver","browserName":"chrome","deviceName":"unknown","platform":"WINDOWS"},"region":"NC"}
 2023-07-30 19:00:46,709 INFO  - unknown(no Web Driver): Creating web driver for {"app":false,"kind":"browser","logger":{"name":"org.webrtc.kite.config.client.Client","debugEnabled":true},"count":5,"clientIndex":0,"fullReset":false,"jsonConfig":{"browserName":{},"platform":{}},"capability":{"headless":false,"windowSize":"1920,1200","technologyPreview":false,"useFakeMedia":true,"flags":[],"extraCapabilities":{},"maxInstances":5,"gateway":"none"},"paas":{"specList":[],"networkProfile":{"corrupt":0,"delay":0,"cleanUpCommand":"","bandwidth":0,"packetloss":0,"name":"NONE","id":"","duplicate":0,"command":""},"availableSlots":3,"type":"local","region":"NC","url":"http://localhost:4444/wd/hub"},"name":"1","networkProfile":{"corrupt":0,"delay":0,"cleanUpCommand":"","bandwidth":0,"packetloss":0,"name":"","id":"","duplicate":0,"command":""},"exclude":false,"browserSpecs":{"extension":"","profile":"","driverString":"-Dwebdriver.chrome.driver=./chromedriver","browserName":"chrome","deviceName":"unknown","platform":"WINDOWS"},"region":"NC"}
 2023-07-30 19:00:49,638 INFO  - unknown(no Web Driver):  [PASSED] Initiate webDriver for client
 2023-07-30 19:00:49,638 INFO  - unknown(no Web Driver):  [PASSED] Initiate webDriver for client
 2023-07-30 19:00:49,667 INFO  - Starting the execution of the test runners in parallel 
 2023-07-30 19:00:49,668 INFO  - Start processing the TestRunner(DEFAULT) id 1 in 0ms
 2023-07-30 19:00:49,668 INFO  - Start processing the TestRunner(DEFAULT) id 0 in 0ms
 2023-07-30 19:00:50,884 INFO  - ch115_WIN-1b095 - 0:  [PASSED] Open https://falgsc.eu.org/
 2023-07-30 19:00:50,942 INFO  - ch115_WIN-cd46a - 1:  [PASSED] Open https://falgsc.eu.org/
 2023-07-30 19:00:51,903 INFO  - ch115_WIN-cd46a - 1:  [PASSED] Open https://falgsc.eu.org//#/pocPJ/166
 2023-07-30 19:00:51,940 INFO  - ch115_WIN-1b095 - 0:  [PASSED] Open https://falgsc.eu.org//#/pocPJ/166
 2023-07-30 19:00:57,307 INFO  - ch115_WIN-cd46a - 1:  [PASSED] Getting stats from ["ng.getComponent($('app-videocall-pj')[0]).mediaConnection.peerConnection"]
 2023-07-30 19:00:57,378 INFO  - ch115_WIN-1b095 - 0:  [PASSED] Getting stats from ["ng.getComponent($('app-videocall-pj')[0]).mediaConnection.peerConnection"]
 2023-07-30 19:00:57,378 INFO  - execute(DEFAULT) completed.
 2023-07-30 19:00:57,379 INFO  - Terminating, quiting webdriver
 2023-07-30 19:00:57,379 INFO  - Closing down webDrivers
 2023-07-30 19:00:58,205 INFO  - Test PASSED
 2023-07-30 19:00:58,206 INFO  - Matrix runner at last phase, ending. 
 2023-07-30 19:00:58,223 WARN  - Done! All test cases have passed!
 2023-07-30 19:00:58,226 INFO  - shutdownExecutors() done.
 